<?xml version="1.0" encoding="UTF-8"?>
<!-- Generated by org.testng.reporters.JUnitXMLReporter -->
<testsuite hostname="ZIL122" ignored="0" name="Default test" tests="3" failures="0" timestamp="2020-04-02T20:11:26 IST" time="16.23" errors="0">
  <testcase name="Azure" time="5.019" classname="com.perficient.testCases.AzureDevopsTest"/>
  <testcase name="Azure01" time="0.674" classname="com.perficient.testCases.AzureDevopsTest"/>
  <testcase name="Azure02" time="0.082" classname="com.perficient.testCases.AzureDevopsTest"/>
</testsuite> <!-- Default test -->
