<?xml version="1.0" encoding="UTF-8"?>
<testng-results skipped="0" failed="0" ignored="0" total="1" passed="1">
  <reporter-output>
  </reporter-output>
  <suite name="Default suite" duration-ms="12406" started-at="2020-04-01T12:18:04 IST" finished-at="2020-04-01T12:18:16 IST">
    <groups>
    </groups>
    <test name="Default test" duration-ms="12406" started-at="2020-04-01T12:18:04 IST" finished-at="2020-04-01T12:18:16 IST">
      <class name="com.azureproject.test.AzureTest">
        <test-method status="PASS" signature="openBrowser()[pri:0, instance:com.azureproject.test.AzureTest@9660f4e]" name="openBrowser" is-config="true" duration-ms="11477" started-at="2020-04-01T12:18:04 IST" finished-at="2020-04-01T12:18:15 IST">
          <reporter-output>
          </reporter-output>
        </test-method> <!-- openBrowser -->
        <test-method status="PASS" signature="webelement()[pri:0, instance:com.azureproject.test.AzureTest@9660f4e]" name="webelement" duration-ms="56" started-at="2020-04-01T12:18:15 IST" finished-at="2020-04-01T12:18:15 IST">
          <reporter-output>
          </reporter-output>
        </test-method> <!-- webelement -->
        <test-method status="PASS" signature="tearDown()[pri:0, instance:com.azureproject.test.AzureTest@9660f4e]" name="tearDown" is-config="true" duration-ms="805" started-at="2020-04-01T12:18:15 IST" finished-at="2020-04-01T12:18:16 IST">
          <reporter-output>
          </reporter-output>
        </test-method> <!-- tearDown -->
      </class> <!-- com.azureproject.test.AzureTest -->
    </test> <!-- Default test -->
  </suite> <!-- Default suite -->
</testng-results>
