<?xml version="1.0" encoding="UTF-8"?>
<testng-results skipped="0" failed="0" ignored="0" total="1" passed="1">
  <reporter-output>
  </reporter-output>
  <suite name="AzureTestSuite" duration-ms="21635" started-at="2020-04-02T21:33:26 IST" finished-at="2020-04-02T21:33:48 IST">
    <groups>
    </groups>
    <test name="AzurePOCTest01 -- GoogleChrome" duration-ms="21635" started-at="2020-04-02T21:33:26 IST" finished-at="2020-04-02T21:33:48 IST">
      <class name="com.perficient.testCases.AzureDevopsTest">
        <test-method status="PASS" signature="generateBuildNumber()[pri:0, instance:com.perficient.testCases.AzureDevopsTest@588df31b]" name="generateBuildNumber" is-config="true" duration-ms="42" started-at="2020-04-02T21:33:26 IST" finished-at="2020-04-02T21:33:26 IST">
          <reporter-output>
          </reporter-output>
        </test-method> <!-- generateBuildNumber -->
        <test-method status="PASS" signature="setUpBrowser(java.lang.String, java.lang.String, java.lang.String, java.lang.String)[pri:0, instance:com.perficient.testCases.AzureDevopsTest@588df31b]" name="setUpBrowser" is-config="true" duration-ms="5772" started-at="2020-04-02T21:33:26 IST" finished-at="2020-04-02T21:33:32 IST">
          <params>
            <param index="0">
              <value>
                <![CDATA[chrome]]>
              </value>
            </param>
            <param index="1">
              <value>
                <![CDATA[false]]>
              </value>
            </param>
            <param index="2">
              <value>
                <![CDATA[0]]>
              </value>
            </param>
            <param index="3">
              <value>
                <![CDATA[0]]>
              </value>
            </param>
          </params>
          <reporter-output>
          </reporter-output>
        </test-method> <!-- setUpBrowser -->
        <test-method status="PASS" signature="beforeMethod(java.lang.reflect.Method)[pri:0, instance:com.perficient.testCases.AzureDevopsTest@588df31b]" name="beforeMethod" is-config="true" duration-ms="178" started-at="2020-04-02T21:33:32 IST" finished-at="2020-04-02T21:33:32 IST">
          <params>
            <param index="0">
              <value>
                <![CDATA[public void com.perficient.testCases.AzureDevopsTest.Azure() throws java.lang.Exception]]>
              </value>
            </param>
          </params>
          <reporter-output>
          </reporter-output>
        </test-method> <!-- beforeMethod -->
        <test-method status="PASS" signature="Azure()[pri:0, instance:com.perficient.testCases.AzureDevopsTest@588df31b]" name="Azure" duration-ms="10786" started-at="2020-04-02T21:33:32 IST" finished-at="2020-04-02T21:33:43 IST">
          <reporter-output>
          </reporter-output>
        </test-method> <!-- Azure -->
        <test-method status="PASS" signature="afterMethod(java.lang.reflect.Method)[pri:0, instance:com.perficient.testCases.AzureDevopsTest@588df31b]" name="afterMethod" is-config="true" duration-ms="1" started-at="2020-04-02T21:33:43 IST" finished-at="2020-04-02T21:33:43 IST">
          <params>
            <param index="0">
              <value>
                <![CDATA[public void com.perficient.testCases.AzureDevopsTest.Azure() throws java.lang.Exception]]>
              </value>
            </param>
          </params>
          <reporter-output>
          </reporter-output>
        </test-method> <!-- afterMethod -->
        <test-method status="PASS" signature="tearDown()[pri:0, instance:com.perficient.testCases.AzureDevopsTest@588df31b]" name="tearDown" is-config="true" duration-ms="4854" started-at="2020-04-02T21:33:43 IST" finished-at="2020-04-02T21:33:48 IST">
          <reporter-output>
          </reporter-output>
        </test-method> <!-- tearDown -->
        <test-method status="PASS" signature="afterSuite()[pri:0, instance:com.perficient.testCases.AzureDevopsTest@588df31b]" name="afterSuite" is-config="true" duration-ms="737" started-at="2020-04-02T21:33:48 IST" finished-at="2020-04-02T21:33:49 IST">
          <reporter-output>
          </reporter-output>
        </test-method> <!-- afterSuite -->
      </class> <!-- com.perficient.testCases.AzureDevopsTest -->
    </test> <!-- AzurePOCTest01 - GoogleChrome -->
  </suite> <!-- AzureTestSuite -->
</testng-results>
